build/app/intermediates/manifest_merge_blame_file/release/manifest-merger-blame-release-report.txt
1<?xml version="1.0" encoding="utf-8"?>
2<manifest xmlns:android="http://schemas.android.com/apk/res/android"
3    package="com.example.konaf_skora"
4    android:versionCode="1"
5    android:versionName="1.0.0" >
6
7    <uses-sdk
8        android:minSdkVersion="21"
9        android:targetSdkVersion="35" />
10
11    <uses-permission android:name="android.permission.INTERNET" />
11-->src\main\AndroidManifest.xml:3:1-62
11-->src\main\AndroidManifest.xml:3:18-60
12    <!--
13         Required to query activities that can process text, see:
14         https://developer.android.com/training/package-visibility and
15         https://developer.android.com/reference/android/content/Intent#ACTION_PROCESS_TEXT.
16
17         In particular, this is used by the Flutter engine in io.flutter.plugin.text.ProcessTextPlugin.
18    -->
19    <queries>
19-->src\main\AndroidManifest.xml:46:5-51:15
20        <intent>
20-->src\main\AndroidManifest.xml:47:9-50:18
21            <action android:name="android.intent.action.PROCESS_TEXT" />
21-->src\main\AndroidManifest.xml:48:13-72
21-->src\main\AndroidManifest.xml:48:21-70
22
23            <data android:mimeType="text/plain" />
23-->src\main\AndroidManifest.xml:49:13-50
23-->src\main\AndroidManifest.xml:49:19-48
24        </intent>
25        <intent>
25-->[:file_picker] AndroidManifest.xml:8:9-12:18
26            <action android:name="android.intent.action.GET_CONTENT" />
26-->[:file_picker] AndroidManifest.xml:9:13-72
26-->[:file_picker] AndroidManifest.xml:9:21-69
27
28            <data android:mimeType="*/*" />
28-->src\main\AndroidManifest.xml:49:13-50
28-->src\main\AndroidManifest.xml:49:19-48
29        </intent> <!-- Needs to be explicitly declared on Android R+ -->
30        <package android:name="com.google.android.apps.maps" />
30-->[com.google.android.gms:play-services-maps:18.2.0] AndroidManifest.xml:33:9-64
30-->[com.google.android.gms:play-services-maps:18.2.0] AndroidManifest.xml:33:18-61
31    </queries>
32
33    <uses-permission android:name="android.permission.ACCESS_COARSE_LOCATION" />
33-->[:location] AndroidManifest.xml:7:5-81
33-->[:location] AndroidManifest.xml:7:22-78
34    <uses-permission android:name="android.permission.ACCESS_FINE_LOCATION" /> <!-- Include required permissions for Google Maps API to run. -->
34-->[:location] AndroidManifest.xml:8:5-79
34-->[:location] AndroidManifest.xml:8:22-76
35    <uses-permission android:name="android.permission.ACCESS_NETWORK_STATE" />
35-->[com.google.android.gms:play-services-maps:18.2.0] AndroidManifest.xml:23:5-79
35-->[com.google.android.gms:play-services-maps:18.2.0] AndroidManifest.xml:23:22-76
36
37    <uses-feature
37-->[com.google.android.gms:play-services-maps:18.2.0] AndroidManifest.xml:26:5-28:35
38        android:glEsVersion="0x00020000"
38-->[com.google.android.gms:play-services-maps:18.2.0] AndroidManifest.xml:27:9-41
39        android:required="true" />
39-->[com.google.android.gms:play-services-maps:18.2.0] AndroidManifest.xml:28:9-32
40
41    <permission
41-->[androidx.core:core:1.13.1] AndroidManifest.xml:22:5-24:47
42        android:name="com.example.konaf_skora.DYNAMIC_RECEIVER_NOT_EXPORTED_PERMISSION"
42-->[androidx.core:core:1.13.1] AndroidManifest.xml:23:9-81
43        android:protectionLevel="signature" />
43-->[androidx.core:core:1.13.1] AndroidManifest.xml:24:9-44
44
45    <uses-permission android:name="com.example.konaf_skora.DYNAMIC_RECEIVER_NOT_EXPORTED_PERMISSION" />
45-->[androidx.core:core:1.13.1] AndroidManifest.xml:26:5-97
45-->[androidx.core:core:1.13.1] AndroidManifest.xml:26:22-94
46
47    <application
48        android:name="android.app.Application"
48-->src\main\AndroidManifest.xml:6:9-42
49        android:appComponentFactory="androidx.core.app.CoreComponentFactory"
49-->[androidx.core:core:1.13.1] AndroidManifest.xml:28:18-86
50        android:extractNativeLibs="true"
51        android:icon="@mipmap/ic_launcher"
51-->src\main\AndroidManifest.xml:7:9-43
52        android:label="konaf_skora" >
52-->src\main\AndroidManifest.xml:5:9-36
53        <activity
53-->src\main\AndroidManifest.xml:11:9-32:20
54            android:name="com.example.konaf_skora.MainActivity"
54-->src\main\AndroidManifest.xml:12:13-41
55            android:configChanges="orientation|keyboardHidden|keyboard|screenSize|smallestScreenSize|locale|layoutDirection|fontScale|screenLayout|density|uiMode"
55-->src\main\AndroidManifest.xml:17:13-163
56            android:exported="true"
56-->src\main\AndroidManifest.xml:13:13-36
57            android:hardwareAccelerated="true"
57-->src\main\AndroidManifest.xml:18:13-47
58            android:launchMode="singleTop"
58-->src\main\AndroidManifest.xml:14:13-43
59            android:taskAffinity=""
59-->src\main\AndroidManifest.xml:15:13-36
60            android:theme="@style/LaunchTheme"
60-->src\main\AndroidManifest.xml:16:13-47
61            android:windowSoftInputMode="adjustResize" >
61-->src\main\AndroidManifest.xml:19:13-55
62
63            <!--
64                 Specifies an Android theme to apply to this Activity as soon as
65                 the Android process has started. This theme is visible to the user
66                 while the Flutter UI initializes. After that, this theme continues
67                 to determine the Window background behind the Flutter UI.
68            -->
69            <meta-data
69-->src\main\AndroidManifest.xml:24:13-27:17
70                android:name="io.flutter.embedding.android.NormalTheme"
70-->src\main\AndroidManifest.xml:25:15-70
71                android:resource="@style/NormalTheme" />
71-->src\main\AndroidManifest.xml:26:15-52
72
73            <intent-filter>
73-->src\main\AndroidManifest.xml:28:13-31:29
74                <action android:name="android.intent.action.MAIN" />
74-->src\main\AndroidManifest.xml:29:17-68
74-->src\main\AndroidManifest.xml:29:25-66
75
76                <category android:name="android.intent.category.LAUNCHER" />
76-->src\main\AndroidManifest.xml:30:17-76
76-->src\main\AndroidManifest.xml:30:27-74
77            </intent-filter>
78        </activity>
79        <!--
80             Don't delete the meta-data below.
81             This is used by the Flutter tool to generate GeneratedPluginRegistrant.java
82        -->
83        <meta-data
83-->src\main\AndroidManifest.xml:35:9-37:33
84            android:name="flutterEmbedding"
84-->src\main\AndroidManifest.xml:36:13-44
85            android:value="2" />
85-->src\main\AndroidManifest.xml:37:13-30
86        <meta-data
86-->src\main\AndroidManifest.xml:38:15-39:73
87            android:name="com.google.android.geo.API_KEY"
87-->src\main\AndroidManifest.xml:38:26-71
88            android:value="AIzaSyCno8Cluum4xn9EA4okcL1n2yc4Va9rwO0" />
88-->src\main\AndroidManifest.xml:39:16-71
89
90        <provider
90-->[:image_picker_android] AndroidManifest.xml:9:9-17:20
91            android:name="io.flutter.plugins.imagepicker.ImagePickerFileProvider"
91-->[:image_picker_android] AndroidManifest.xml:10:13-82
92            android:authorities="com.example.konaf_skora.flutter.image_provider"
92-->[:image_picker_android] AndroidManifest.xml:11:13-74
93            android:exported="false"
93-->[:image_picker_android] AndroidManifest.xml:12:13-37
94            android:grantUriPermissions="true" >
94-->[:image_picker_android] AndroidManifest.xml:13:13-47
95            <meta-data
95-->[:image_picker_android] AndroidManifest.xml:14:13-16:75
96                android:name="android.support.FILE_PROVIDER_PATHS"
96-->[:image_picker_android] AndroidManifest.xml:15:17-67
97                android:resource="@xml/flutter_image_picker_file_paths" />
97-->[:image_picker_android] AndroidManifest.xml:16:17-72
98        </provider> <!-- Trigger Google Play services to install the backported photo picker module. -->
99        <service
99-->[:image_picker_android] AndroidManifest.xml:19:9-31:19
100            android:name="com.google.android.gms.metadata.ModuleDependencies"
100-->[:image_picker_android] AndroidManifest.xml:20:13-78
101            android:enabled="false"
101-->[:image_picker_android] AndroidManifest.xml:21:13-36
102            android:exported="false" >
102-->[:image_picker_android] AndroidManifest.xml:22:13-37
103            <intent-filter>
103-->[:image_picker_android] AndroidManifest.xml:24:13-26:29
104                <action android:name="com.google.android.gms.metadata.MODULE_DEPENDENCIES" />
104-->[:image_picker_android] AndroidManifest.xml:25:17-94
104-->[:image_picker_android] AndroidManifest.xml:25:25-91
105            </intent-filter>
106
107            <meta-data
107-->[:image_picker_android] AndroidManifest.xml:28:13-30:36
108                android:name="photopicker_activity:0:required"
108-->[:image_picker_android] AndroidManifest.xml:29:17-63
109                android:value="" />
109-->[:image_picker_android] AndroidManifest.xml:30:17-33
110        </service>
111        <service
111-->[:geolocator_android] AndroidManifest.xml:8:9-12:56
112            android:name="com.baseflow.geolocator.GeolocatorLocationService"
112-->[:geolocator_android] AndroidManifest.xml:9:13-77
113            android:enabled="true"
113-->[:geolocator_android] AndroidManifest.xml:10:13-35
114            android:exported="false"
114-->[:geolocator_android] AndroidManifest.xml:11:13-37
115            android:foregroundServiceType="location" />
115-->[:geolocator_android] AndroidManifest.xml:12:13-53
116        <service
116-->[:location] AndroidManifest.xml:11:9-15:56
117            android:name="com.lyokone.location.FlutterLocationService"
117-->[:location] AndroidManifest.xml:12:13-71
118            android:enabled="true"
118-->[:location] AndroidManifest.xml:13:13-35
119            android:exported="false"
119-->[:location] AndroidManifest.xml:14:13-37
120            android:foregroundServiceType="location" />
120-->[:location] AndroidManifest.xml:15:13-53
121
122        <activity
122-->[:url_launcher_android] AndroidManifest.xml:8:9-11:74
123            android:name="io.flutter.plugins.urllauncher.WebViewActivity"
123-->[:url_launcher_android] AndroidManifest.xml:9:13-74
124            android:exported="false"
124-->[:url_launcher_android] AndroidManifest.xml:10:13-37
125            android:theme="@android:style/Theme.NoTitleBar.Fullscreen" /> <!-- Needs to be explicitly declared on P+ -->
125-->[:url_launcher_android] AndroidManifest.xml:11:13-71
126        <uses-library
126-->[com.google.android.gms:play-services-maps:18.2.0] AndroidManifest.xml:39:9-41:40
127            android:name="org.apache.http.legacy"
127-->[com.google.android.gms:play-services-maps:18.2.0] AndroidManifest.xml:40:13-50
128            android:required="false" />
128-->[com.google.android.gms:play-services-maps:18.2.0] AndroidManifest.xml:41:13-37
129
130        <activity
130-->[com.google.android.gms:play-services-base:18.5.0] AndroidManifest.xml:5:9-173
131            android:name="com.google.android.gms.common.api.GoogleApiActivity"
131-->[com.google.android.gms:play-services-base:18.5.0] AndroidManifest.xml:5:19-85
132            android:exported="false"
132-->[com.google.android.gms:play-services-base:18.5.0] AndroidManifest.xml:5:146-170
133            android:theme="@android:style/Theme.Translucent.NoTitleBar" />
133-->[com.google.android.gms:play-services-base:18.5.0] AndroidManifest.xml:5:86-145
134
135        <meta-data
135-->[com.google.android.gms:play-services-basement:18.4.0] AndroidManifest.xml:6:9-122
136            android:name="com.google.android.gms.version"
136-->[com.google.android.gms:play-services-basement:18.4.0] AndroidManifest.xml:6:20-65
137            android:value="@integer/google_play_services_version" />
137-->[com.google.android.gms:play-services-basement:18.4.0] AndroidManifest.xml:6:66-119
138
139        <provider
139-->[androidx.lifecycle:lifecycle-process:2.7.0] AndroidManifest.xml:24:9-32:20
140            android:name="androidx.startup.InitializationProvider"
140-->[androidx.lifecycle:lifecycle-process:2.7.0] AndroidManifest.xml:25:13-67
141            android:authorities="com.example.konaf_skora.androidx-startup"
141-->[androidx.lifecycle:lifecycle-process:2.7.0] AndroidManifest.xml:26:13-68
142            android:exported="false" >
142-->[androidx.lifecycle:lifecycle-process:2.7.0] AndroidManifest.xml:27:13-37
143            <meta-data
143-->[androidx.lifecycle:lifecycle-process:2.7.0] AndroidManifest.xml:29:13-31:52
144                android:name="androidx.lifecycle.ProcessLifecycleInitializer"
144-->[androidx.lifecycle:lifecycle-process:2.7.0] AndroidManifest.xml:30:17-78
145                android:value="androidx.startup" />
145-->[androidx.lifecycle:lifecycle-process:2.7.0] AndroidManifest.xml:31:17-49
146            <meta-data
146-->[androidx.profileinstaller:profileinstaller:1.3.1] AndroidManifest.xml:29:13-31:52
147                android:name="androidx.profileinstaller.ProfileInstallerInitializer"
147-->[androidx.profileinstaller:profileinstaller:1.3.1] AndroidManifest.xml:30:17-85
148                android:value="androidx.startup" />
148-->[androidx.profileinstaller:profileinstaller:1.3.1] AndroidManifest.xml:31:17-49
149        </provider>
150
151        <uses-library
151-->[androidx.window:window:1.2.0] AndroidManifest.xml:23:9-25:40
152            android:name="androidx.window.extensions"
152-->[androidx.window:window:1.2.0] AndroidManifest.xml:24:13-54
153            android:required="false" />
153-->[androidx.window:window:1.2.0] AndroidManifest.xml:25:13-37
154        <uses-library
154-->[androidx.window:window:1.2.0] AndroidManifest.xml:26:9-28:40
155            android:name="androidx.window.sidecar"
155-->[androidx.window:window:1.2.0] AndroidManifest.xml:27:13-51
156            android:required="false" />
156-->[androidx.window:window:1.2.0] AndroidManifest.xml:28:13-37
157
158        <receiver
158-->[androidx.profileinstaller:profileinstaller:1.3.1] AndroidManifest.xml:34:9-52:20
159            android:name="androidx.profileinstaller.ProfileInstallReceiver"
159-->[androidx.profileinstaller:profileinstaller:1.3.1] AndroidManifest.xml:35:13-76
160            android:directBootAware="false"
160-->[androidx.profileinstaller:profileinstaller:1.3.1] AndroidManifest.xml:36:13-44
161            android:enabled="true"
161-->[androidx.profileinstaller:profileinstaller:1.3.1] AndroidManifest.xml:37:13-35
162            android:exported="true"
162-->[androidx.profileinstaller:profileinstaller:1.3.1] AndroidManifest.xml:38:13-36
163            android:permission="android.permission.DUMP" >
163-->[androidx.profileinstaller:profileinstaller:1.3.1] AndroidManifest.xml:39:13-57
164            <intent-filter>
164-->[androidx.profileinstaller:profileinstaller:1.3.1] AndroidManifest.xml:40:13-42:29
165                <action android:name="androidx.profileinstaller.action.INSTALL_PROFILE" />
165-->[androidx.profileinstaller:profileinstaller:1.3.1] AndroidManifest.xml:41:17-91
165-->[androidx.profileinstaller:profileinstaller:1.3.1] AndroidManifest.xml:41:25-88
166            </intent-filter>
167            <intent-filter>
167-->[androidx.profileinstaller:profileinstaller:1.3.1] AndroidManifest.xml:43:13-45:29
168                <action android:name="androidx.profileinstaller.action.SKIP_FILE" />
168-->[androidx.profileinstaller:profileinstaller:1.3.1] AndroidManifest.xml:44:17-85
168-->[androidx.profileinstaller:profileinstaller:1.3.1] AndroidManifest.xml:44:25-82
169            </intent-filter>
170            <intent-filter>
170-->[androidx.profileinstaller:profileinstaller:1.3.1] AndroidManifest.xml:46:13-48:29
171                <action android:name="androidx.profileinstaller.action.SAVE_PROFILE" />
171-->[androidx.profileinstaller:profileinstaller:1.3.1] AndroidManifest.xml:47:17-88
171-->[androidx.profileinstaller:profileinstaller:1.3.1] AndroidManifest.xml:47:25-85
172            </intent-filter>
173            <intent-filter>
173-->[androidx.profileinstaller:profileinstaller:1.3.1] AndroidManifest.xml:49:13-51:29
174                <action android:name="androidx.profileinstaller.action.BENCHMARK_OPERATION" />
174-->[androidx.profileinstaller:profileinstaller:1.3.1] AndroidManifest.xml:50:17-95
174-->[androidx.profileinstaller:profileinstaller:1.3.1] AndroidManifest.xml:50:25-92
175            </intent-filter>
176        </receiver>
177    </application>
178
179</manifest>